Build started 22.06.2023 22:09:44.
     1>Project "D:\dev\FCFS_Semin_Nikita\Eco.Scheduling.FCFS.vcxproj" on node 2 (build target(s)).
     1>InitializeBuildStatus:
         Creating "Debug\Eco.Scheduling.FCFS.unsuccessfulbuild" because "AlwaysCreate" was specified.
       ClCompile:
         C:\Program Files (x86)\Microsoft Visual Studio 10.0\VC\bin\CL.exe /c /ZI /nologo /W3 /WX- /Od /Oy- /D WIN32 /D _DEBUG /D _CONSOLE /D _UNICODE /D UNICODE /Gm /EHsc /RTC1 /MDd /GS /fp:precise /Zc:wchar_t /Zc:forScope /Fo"Debug\\" /Fd"Debug\vc100.pdb" /Gd /TC /analyze- /errorReport:prompt main.c
         main.c
     1>d:\dev\fcfs_semin_nikita\main.c(20): warning C4996: 'scanf': This function or variable may be unsafe. Consider using scanf_s instead. To disable deprecation, use _CRT_SECURE_NO_WARNINGS. See online help for details.
                 c:\program files (x86)\microsoft visual studio 10.0\vc\include\stdio.h(304) : see declaration of 'scanf'
     1>d:\dev\fcfs_semin_nikita\main.c(27): warning C4996: 'scanf': This function or variable may be unsafe. Consider using scanf_s instead. To disable deprecation, use _CRT_SECURE_NO_WARNINGS. See online help for details.
                 c:\program files (x86)\microsoft visual studio 10.0\vc\include\stdio.h(304) : see declaration of 'scanf'
     1>d:\dev\fcfs_semin_nikita\main.c(29): warning C4996: 'scanf': This function or variable may be unsafe. Consider using scanf_s instead. To disable deprecation, use _CRT_SECURE_NO_WARNINGS. See online help for details.
                 c:\program files (x86)\microsoft visual studio 10.0\vc\include\stdio.h(304) : see declaration of 'scanf'
       ManifestResourceCompile:
         C:\Program Files (x86)\Microsoft SDKs\Windows\v7.0A\bin\rc.exe /nologo /fo"Debug\Eco.Scheduling.FCFS.exe.embed.manifest.res" Debug\Eco.Scheduling.FCFS_manifest.rc 
       Link:
         C:\Program Files (x86)\Microsoft Visual Studio 10.0\VC\bin\link.exe /ERRORREPORT:PROMPT /OUT:"D:\dev\FCFS_Semin_Nikita\Debug\Eco.Scheduling.FCFS.exe" /INCREMENTAL /NOLOGO kernel32.lib user32.lib gdi32.lib winspool.lib comdlg32.lib advapi32.lib shell32.lib ole32.lib oleaut32.lib uuid.lib odbc32.lib odbccp32.lib /MANIFEST /ManifestFile:"Debug\Eco.Scheduling.FCFS.exe.intermediate.manifest" /MANIFESTUAC:"level='asInvoker' uiAccess='false'" /DEBUG /PDB:"D:\dev\FCFS_Semin_Nikita\Debug\Eco.Scheduling.FCFS.pdb" /SUBSYSTEM:CONSOLE /TLBID:1 /DYNAMICBASE /NXCOMPAT /IMPLIB:"D:\dev\FCFS_Semin_Nikita\Debug\Eco.Scheduling.FCFS.lib" /MACHINE:X86 Debug\Eco.Scheduling.FCFS.exe.embed.manifest.res
         Debug\main.obj
       Manifest:
         C:\Program Files (x86)\Microsoft SDKs\Windows\v7.0A\bin\mt.exe /nologo /verbose /out:"Debug\Eco.Scheduling.FCFS.exe.embed.manifest" /manifest Debug\Eco.Scheduling.FCFS.exe.intermediate.manifest
         All outputs are up-to-date.
       LinkEmbedManifest:
         All outputs are up-to-date.
         Eco.Scheduling.FCFS.vcxproj -> D:\dev\FCFS_Semin_Nikita\Debug\Eco.Scheduling.FCFS.exe
       FinalizeBuildStatus:
         Deleting file "Debug\Eco.Scheduling.FCFS.unsuccessfulbuild".
         Touching "Debug\Eco.Scheduling.FCFS.lastbuildstate".
     1>Done Building Project "D:\dev\FCFS_Semin_Nikita\Eco.Scheduling.FCFS.vcxproj" (build target(s)).

Build succeeded.

Time Elapsed 00:00:00.90
